<?xml version="1.0" encoding="UTF-8"?>
<!-- Generated by org.testng.reporters.JUnitReportReporter -->
<testsuite skipped="0" hostname="Sandeeps-MacBook-Air.local" name="org.spariharconsultinginc.DesignPatterns.DemoTest" tests="2" failures="0" timestamp="21 May 2021 22:41:06 GMT" time="75.281" errors="0">
  <testcase name="flightTest" time="37.002" classname="org.spariharconsultinginc.DesignPatterns.DemoTest"/>
  <testcase name="flightTest" time="38.279" classname="org.spariharconsultinginc.DesignPatterns.DemoTest"/>
</testsuite> <!-- org.spariharconsultinginc.DesignPatterns.DemoTest -->
